<?xml version="1.0" encoding="UTF-8"?>
<!-- Generated by org.testng.reporters.JUnitReportReporter -->
<testsuite skipped="0" hostname="Laxman" name="test.jenkinstest" tests="1" failures="0" timestamp="2023-12-22T11:16:02 IST" time="0.000" errors="0">
  <testcase name="addTest" time="0.000" classname="test.jenkinstest"/>
  <system-out/>
</testsuite> <!-- test.jenkinstest -->
