<?xml version="1.0" encoding="UTF-8"?>
<!-- Generated by org.testng.reporters.JUnitReportReporter -->
<testsuite skipped="0" hostname="Laxman" name="com.robot.UploadFileUsingRobot" tests="1" failures="0" timestamp="2023-12-28T12:45:29 IST" time="16.693" errors="0">
  <testcase name="uploadFile" time="16.693" classname="com.robot.UploadFileUsingRobot"/>
  <system-out/>
</testsuite> <!-- com.robot.UploadFileUsingRobot -->
