<?xml version="1.0" encoding="UTF-8"?>
<!-- Generated by org.testng.reporters.JUnitReportReporter -->
<testsuite skipped="0" hostname="Laxman" name="crossbrowsertesting.CrossBrowser" tests="1" failures="0" timestamp="2023-12-23T01:11:53 IST" time="10.634" errors="0">
  <testcase name="test" time="10.634" classname="crossbrowsertesting.CrossBrowser"/>
  <system-out/>
</testsuite> <!-- crossbrowsertesting.CrossBrowser -->
