<?xml version="1.0" encoding="UTF-8"?>
<!-- Generated by org.testng.reporters.JUnitReportReporter -->
<testsuite skipped="0" hostname="Laxman" name="runclasstests.jenkinstest" tests="9" failures="0" timestamp="2024-01-13T16:50:14 IST" time="0.011" errors="0">
  <testcase name="mulTest" time="0.000" classname="runclasstests.jenkinstest"/>
  <system-out/>
  <testcase name="addTest" time="0.000" classname="runclasstests.jenkinstest"/>
  <system-out/>
  <testcase name="addTest" time="0.010" classname="runclasstests.jenkinstest"/>
  <system-out/>
  <testcase name="addTest" time="0.000" classname="runclasstests.jenkinstest"/>
  <system-out/>
  <testcase name="subTest" time="0.000" classname="runclasstests.jenkinstest"/>
  <system-out/>
  <testcase name="mulTest" time="0.000" classname="runclasstests.jenkinstest"/>
  <system-out/>
  <testcase name="mulTest" time="0.001" classname="runclasstests.jenkinstest"/>
  <system-out/>
  <testcase name="subTest" time="0.000" classname="runclasstests.jenkinstest"/>
  <system-out/>
  <testcase name="subTest" time="0.000" classname="runclasstests.jenkinstest"/>
  <system-out/>
</testsuite> <!-- runclasstests.jenkinstest -->
