<?xml version="1.0" encoding="UTF-8"?>
<!-- Generated by org.testng.reporters.JUnitReportReporter -->
<testsuite skipped="0" hostname="Laxman" name="laxman.more.java.NewTest" tests="6" failures="0" timestamp="2023-12-22T13:00:39 IST" time="0.032" errors="0">
  <testcase name="f3" time="0.000" classname="laxman.more.java.NewTest"/>
  <system-out/>
  <testcase name="f4" time="0.016" classname="laxman.more.java.NewTest"/>
  <system-out/>
  <testcase name="f2" time="0.000" classname="laxman.more.java.NewTest"/>
  <system-out/>
  <testcase name="f3" time="0.000" classname="laxman.more.java.NewTest"/>
  <system-out/>
  <testcase name="f1" time="0.016" classname="laxman.more.java.NewTest"/>
  <system-out/>
  <testcase name="f5" time="0.000" classname="laxman.more.java.NewTest"/>
  <system-out/>
</testsuite> <!-- laxman.more.java.NewTest -->
