<?xml version="1.0" encoding="UTF-8"?>
<!-- Generated by org.testng.reporters.JUnitReportReporter -->
<testsuite skipped="0" hostname="Laxman" name="com.action.ActionDemo" tests="1" failures="0" timestamp="2023-12-28T19:20:01 IST" time="11.418" errors="0">
  <testcase name="testActionClass" time="11.418" classname="com.action.ActionDemo"/>
  <system-out/>
</testsuite> <!-- com.action.ActionDemo -->
