<?xml version="1.0" encoding="UTF-8"?>
<!-- Generated by org.testng.reporters.JUnitReportReporter -->
<testsuite skipped="0" hostname="Laxman" name="com.fileupload.FileUploadDemoTest" tests="1" failures="0" timestamp="2023-12-28T02:39:45 IST" time="13.110" errors="0">
  <testcase name="uploadFile" time="13.110" classname="com.fileupload.FileUploadDemoTest"/>
  <system-out/>
</testsuite> <!-- com.fileupload.FileUploadDemoTest -->
