<?xml version="1.0" encoding="UTF-8"?>
<!-- Generated by org.testng.reporters.JUnitReportReporter -->
<testsuite skipped="0" hostname="Laxman" name="laxman.com.test.Laxman" tests="3" failures="0" timestamp="2023-12-22T11:10:41 IST" time="0.016" errors="0">
  <testcase name="f" time="0.016" classname="laxman.com.test.Laxman"/>
  <system-out/>
  <testcase name="f1" time="0.000" classname="laxman.com.test.Laxman"/>
  <system-out/>
  <testcase name="f2" time="0.000" classname="laxman.com.test.Laxman"/>
  <system-out/>
</testsuite> <!-- laxman.com.test.Laxman -->
