<?xml version="1.0" encoding="UTF-8"?>
<!-- Generated by org.testng.reporters.JUnitReportReporter -->
<testsuite skipped="0" hostname="Laxman" name="com.xpath.xpathStudy" tests="1" failures="0" timestamp="2023-12-25T17:48:24 IST" time="30.279" errors="0">
  <testcase name="testXpath" time="30.279" classname="com.xpath.xpathStudy"/>
  <system-out/>
</testsuite> <!-- com.xpath.xpathStudy -->
