<?xml version="1.0" encoding="UTF-8"?>
<!-- Generated by org.testng.reporters.JUnitReportReporter -->
<testsuite skipped="0" hostname="Laxman" name="runclasstests.jenkinstest" tests="15" failures="0" timestamp="2024-01-03T13:58:28 IST" time="0.048" errors="0">
  <testcase name="addTest" time="0.000" classname="runclasstests.jenkinstest"/>
  <system-out/>
  <testcase name="mulTest" time="0.016" classname="runclasstests.jenkinstest"/>
  <system-out/>
  <testcase name="mulTest" time="0.000" classname="runclasstests.jenkinstest"/>
  <system-out/>
  <testcase name="addTest" time="0.016" classname="runclasstests.jenkinstest"/>
  <system-out/>
  <testcase name="addTest" time="0.005" classname="runclasstests.jenkinstest"/>
  <system-out/>
  <testcase name="mulTest" time="0.000" classname="runclasstests.jenkinstest"/>
  <system-out/>
  <testcase name="addTest" time="0.000" classname="runclasstests.jenkinstest"/>
  <system-out/>
  <testcase name="addTest" time="0.011" classname="runclasstests.jenkinstest"/>
  <system-out/>
  <testcase name="subTest" time="0.000" classname="runclasstests.jenkinstest"/>
  <system-out/>
  <testcase name="subTest" time="0.000" classname="runclasstests.jenkinstest"/>
  <system-out/>
  <testcase name="subTest" time="0.000" classname="runclasstests.jenkinstest"/>
  <system-out/>
  <testcase name="subTest" time="0.000" classname="runclasstests.jenkinstest"/>
  <system-out/>
  <testcase name="mulTest" time="0.000" classname="runclasstests.jenkinstest"/>
  <system-out/>
  <testcase name="subTest" time="0.000" classname="runclasstests.jenkinstest"/>
  <system-out/>
  <testcase name="mulTest" time="0.000" classname="runclasstests.jenkinstest"/>
  <system-out/>
</testsuite> <!-- runclasstests.jenkinstest -->
