<?xml version="1.0" encoding="UTF-8"?>
<!-- Generated by org.testng.reporters.JUnitReportReporter -->
<testsuite skipped="0" hostname="Laxman" name="laxman.more.java.testClassNew" tests="2" failures="0" timestamp="2023-12-22T16:46:14 IST" time="0.008" errors="0">
  <testcase name="testing" time="0.000" classname="laxman.more.java.testClassNew"/>
  <system-out/>
  <testcase name="Test" time="0.008" classname="laxman.more.java.testClassNew"/>
  <system-out/>
</testsuite> <!-- laxman.more.java.testClassNew -->
